# JRE version: Java(TM) SE Runtime Environment (8.0_333-b02) (build 1.8.0_333-b02)
# Java VM: Java HotSpot(TM) 64-Bit Server VM (25.333-b02 mixed mode windows-amd64 compressed oops)
Heap:
 PSYoungGen      total 263680K, used 225425K [0x000000076c300000, 0x000000077db80000, 0x00000007c0000000)
  eden space 252416K, 85% used [0x000000076c300000,0x000000077948fa50,0x000000077b980000)
  from space 11264K, 96% used [0x000000077d080000,0x000000077db14ac8,0x000000077db80000)
  to   space 12800K, 0% used [0x000000077c280000,0x000000077c280000,0x000000077cf00000)
 ParOldGen       total 136192K, used 12414K [0x00000006c4800000, 0x00000006ccd00000, 0x000000076c300000)
  object space 136192K, 9% used [0x00000006c4800000,0x00000006c541f980,0x00000006ccd00000)
 Metaspace       used 50301K, capacity 53478K, committed 53632K, reserved 1095680K
  class space    used 6670K, capacity 7219K, committed 7296K, reserved 1048576K
GC Heap History (10 events):
Event: 1.237 GC heap before
{Heap before GC invocations=6 (full 1):
 PSYoungGen      total 111616K, used 111470K [0x000000076c300000, 0x0000000775200000, 0x00000007c0000000)
  eden space 104960K, 100% used [0x000000076c300000,0x0000000772980000,0x0000000772980000)
  from space 6656K, 97% used [0x0000000774b80000,0x00000007751db970,0x0000000775200000)
  to   space 10752K, 0% used [0x0000000773d00000,0x0000000773d00000,0x0000000774780000)
 ParOldGen       total 93184K, used 5911K [0x00000006c4800000, 0x00000006ca300000, 0x000000076c300000)
  object space 93184K, 6% used [0x00000006c4800000,0x00000006c4dc5e88,0x00000006ca300000)
 Metaspace       used 26698K, capacity 28366K, committed 28672K, reserved 1075200K
  class space    used 3437K, capacity 3773K, committed 3840K, reserved 1048576K
Event: 1.241 GC heap after
Heap after GC invocations=6 (full 1):
 PSYoungGen      total 135680K, used 8991K [0x000000076c300000, 0x0000000777a80000, 0x00000007c0000000)
  eden space 124928K, 0% used [0x000000076c300000,0x000000076c300000,0x0000000773d00000)
  from space 10752K, 83% used [0x0000000773d00000,0x00000007745c7c40,0x0000000774780000)
  to   space 10752K, 0% used [0x0000000777000000,0x0000000777000000,0x0000000777a80000)
 ParOldGen       total 93184K, used 5919K [0x00000006c4800000, 0x00000006ca300000, 0x000000076c300000)
  object space 93184K, 6% used [0x00000006c4800000,0x00000006c4dc7e88,0x00000006ca300000)
 Metaspace       used 26698K, capacity 28366K, committed 28672K, reserved 1075200K
  class space    used 3437K, capacity 3773K, committed 3840K, reserved 1048576K
}
Event: 1.656 GC heap before
{Heap before GC invocations=7 (full 1):
 PSYoungGen      total 135680K, used 133919K [0x000000076c300000, 0x0000000777a80000, 0x00000007c0000000)
  eden space 124928K, 100% used [0x000000076c300000,0x0000000773d00000,0x0000000773d00000)
  from space 10752K, 83% used [0x0000000773d00000,0x00000007745c7c40,0x0000000774780000)
  to   space 10752K, 0% used [0x0000000777000000,0x0000000777000000,0x0000000777a80000)
 ParOldGen       total 93184K, used 5919K [0x00000006c4800000, 0x00000006ca300000, 0x000000076c300000)
  object space 93184K, 6% used [0x00000006c4800000,0x00000006c4dc7e88,0x00000006ca300000)
 Metaspace       used 32611K, capacity 34572K, committed 34816K, reserved 1079296K
  class space    used 4384K, capacity 4744K, committed 4864K, reserved 1048576K
Event: 1.661 GC heap after
Heap after GC invocations=7 (full 1):
 PSYoungGen      total 175104K, used 10720K [0x000000076c300000, 0x0000000779800000, 0x00000007c0000000)
  eden space 164352K, 0% used [0x000000076c300000,0x000000076c300000,0x0000000776380000)
  from space 10752K, 99% used [0x0000000777000000,0x0000000777a780a0,0x0000000777a80000)
  to   space 12800K, 0% used [0x0000000776380000,0x0000000776380000,0x0000000777000000)
 ParOldGen       total 93184K, used 7142K [0x00000006c4800000, 0x00000006ca300000, 0x000000076c300000)
  object space 93184K, 7% used [0x00000006c4800000,0x00000006c4ef9b48,0x00000006ca300000)
 Metaspace       used 32611K, capacity 34572K, committed 34816K, reserved 1079296K
  class space    used 4384K, capacity 4744K, committed 4864K, reserved 1048576K
}
Event: 1.715 GC heap before
{Heap before GC invocations=8 (full 1):
 PSYoungGen      total 175104K, used 28295K [0x000000076c300000, 0x0000000779800000, 0x00000007c0000000)
  eden space 164352K, 10% used [0x000000076c300000,0x000000076d429cf0,0x0000000776380000)
  from space 10752K, 99% used [0x0000000777000000,0x0000000777a780a0,0x0000000777a80000)
  to   space 12800K, 0% used [0x0000000776380000,0x0000000776380000,0x0000000777000000)
 ParOldGen       total 93184K, used 7142K [0x00000006c4800000, 0x00000006ca300000, 0x000000076c300000)
  object space 93184K, 7% used [0x00000006c4800000,0x00000006c4ef9b48,0x00000006ca300000)
 Metaspace       used 33391K, capacity 35342K, committed 35416K, reserved 1079296K
  class space    used 4494K, capacity 4847K, committed 4864K, reserved 1048576K
Event: 1.719 GC heap after
Heap after GC invocations=8 (full 1):
 PSYoungGen      total 177152K, used 7956K [0x000000076c300000, 0x000000077dc80000, 0x00000007c0000000)
  eden space 164352K, 0% used [0x000000076c300000,0x000000076c300000,0x0000000776380000)
  from space 12800K, 62% used [0x0000000776380000,0x0000000776b45060,0x0000000777000000)
  to   space 12288K, 0% used [0x000000077d080000,0x000000077d080000,0x000000077dc80000)
 ParOldGen       total 93184K, used 7150K [0x00000006c4800000, 0x00000006ca300000, 0x000000076c300000)
  object space 93184K, 7% used [0x00000006c4800000,0x00000006c4efbb48,0x00000006ca300000)
 Metaspace       used 33391K, capacity 35342K, committed 35416K, reserved 1079296K
  class space    used 4494K, capacity 4847K, committed 4864K, reserved 1048576K
}
Event: 1.719 GC heap before
{Heap before GC invocations=9 (full 2):
 PSYoungGen      total 177152K, used 7956K [0x000000076c300000, 0x000000077dc80000, 0x00000007c0000000)
  eden space 164352K, 0% used [0x000000076c300000,0x000000076c300000,0x0000000776380000)
  from space 12800K, 62% used [0x0000000776380000,0x0000000776b45060,0x0000000777000000)
  to   space 12288K, 0% used [0x000000077d080000,0x000000077d080000,0x000000077dc80000)
 ParOldGen       total 93184K, used 7150K [0x00000006c4800000, 0x00000006ca300000, 0x000000076c300000)
  object space 93184K, 7% used [0x00000006c4800000,0x00000006c4efbb48,0x00000006ca300000)
 Metaspace       used 33391K, capacity 35342K, committed 35416K, reserved 1079296K
  class space    used 4494K, capacity 4847K, committed 4864K, reserved 1048576K
Event: 1.743 GC heap after
Heap after GC invocations=9 (full 2):
 PSYoungGen      total 177152K, used 0K [0x000000076c300000, 0x000000077dc80000, 0x00000007c0000000)
  eden space 164352K, 0% used [0x000000076c300000,0x000000076c300000,0x0000000776380000)
  from space 12800K, 0% used [0x0000000776380000,0x0000000776380000,0x0000000777000000)
  to   space 12288K, 0% used [0x000000077d080000,0x000000077d080000,0x000000077dc80000)
 ParOldGen       total 136192K, used 12342K [0x00000006c4800000, 0x00000006ccd00000, 0x000000076c300000)
  object space 136192K, 9% used [0x00000006c4800000,0x00000006c540d970,0x00000006ccd00000)
 Metaspace       used 33391K, capacity 35342K, committed 35416K, reserved 1079296K
  class space    used 4494K, capacity 4847K, committed 4864K, reserved 1048576K
}
Event: 2.685 GC heap before
{Heap before GC invocations=10 (full 2):
 PSYoungGen      total 177152K, used 164352K [0x000000076c300000, 0x000000077dc80000, 0x00000007c0000000)
  eden space 164352K, 100% used [0x000000076c300000,0x0000000776380000,0x0000000776380000)
  from space 12800K, 0% used [0x0000000776380000,0x0000000776380000,0x0000000777000000)
  to   space 12288K, 0% used [0x000000077d080000,0x000000077d080000,0x000000077dc80000)
 ParOldGen       total 136192K, used 12342K [0x00000006c4800000, 0x00000006ccd00000, 0x000000076c300000)
  object space 136192K, 9% used [0x00000006c4800000,0x00000006c540d970,0x00000006ccd00000)
 Metaspace       used 43145K, capacity 45452K, committed 45568K, reserved 1089536K
  class space    used 5644K, capacity 6050K, committed 6144K, reserved 1048576K
Event: 2.690 GC heap after
Heap after GC invocations=10 (full 2):
 PSYoungGen      total 263680K, used 10834K [0x000000076c300000, 0x000000077db80000, 0x00000007c0000000)
  eden space 252416K, 0% used [0x000000076c300000,0x000000076c300000,0x000000077b980000)
  from space 11264K, 96% used [0x000000077d080000,0x000000077db14ac8,0x000000077db80000)
  to   space 12800K, 0% used [0x000000077c280000,0x000000077c280000,0x000000077cf00000)
 ParOldGen       total 136192K, used 12414K [0x00000006c4800000, 0x00000006ccd00000, 0x000000076c300000)
  object space 136192K, 9% used [0x00000006c4800000,0x00000006c541f980,0x00000006ccd00000)
 Metaspace       used 43145K, capacity 45452K, committed 45568K, reserved 1089536K
  class space    used 5644K, capacity 6050K, committed 6144K, reserved 1048576K
}

